android/app/build/intermediates/manifest_merge_blame_file/debug/manifest-merger-blame-debug-report.txt
1<?xml version="1.0" encoding="utf-8"?>
2<manifest xmlns:android="http://schemas.android.com/apk/res/android"
3    package="com.chatapp"
4    android:versionCode="1"
5    android:versionName="1.0" >
6
7    <uses-sdk
8        android:minSdkVersion="21"
9        android:targetSdkVersion="33" />
10
11    <uses-permission android:name="android.permission.SYSTEM_ALERT_WINDOW" />
11-->src\debug\AndroidManifest.xml:6:5-77
11-->src\debug\AndroidManifest.xml:6:22-75
12    <uses-permission android:name="android.permission.CAMERA" />
12-->src\debug\AndroidManifest.xml:7:5-64
12-->src\debug\AndroidManifest.xml:7:22-62
13    <uses-permission android:name="android.permission.WRITE_EXTERNAL_STORAGE" />
13-->src\debug\AndroidManifest.xml:8:5-80
13-->src\debug\AndroidManifest.xml:8:22-78
14    <uses-permission android:name="android.permission.INTERNET" />
14-->src\main\AndroidManifest.xml:3:5-67
14-->src\main\AndroidManifest.xml:3:22-64
15    <uses-permission android:name="android.permission.ACCESS_WIFI_STATE" />
15-->[com.facebook.flipper:flipper:0.182.0] AndroidManifest.xml:16:5-76
15-->[com.facebook.flipper:flipper:0.182.0] AndroidManifest.xml:16:22-73
16    <uses-permission android:name="android.permission.WAKE_LOCK" />
16-->[:react-native-firebase_messaging] AndroidManifest.xml:8:5-68
16-->[:react-native-firebase_messaging] AndroidManifest.xml:8:22-65
17    <uses-permission android:name="android.permission.ACCESS_NETWORK_STATE" />
17-->[:react-native-firebase_messaging] AndroidManifest.xml:9:5-79
17-->[:react-native-firebase_messaging] AndroidManifest.xml:9:22-76
18    <uses-permission android:name="android.permission.POST_NOTIFICATIONS" /> <!-- Required by older versions of Google Play services to create IID tokens -->
18-->[com.google.firebase:firebase-messaging:23.3.1] AndroidManifest.xml:23:5-77
18-->[com.google.firebase:firebase-messaging:23.3.1] AndroidManifest.xml:23:22-74
19    <uses-permission android:name="com.google.android.c2dm.permission.RECEIVE" />
19-->[com.google.firebase:firebase-messaging:23.3.1] AndroidManifest.xml:26:5-82
19-->[com.google.firebase:firebase-messaging:23.3.1] AndroidManifest.xml:26:22-79
20
21    <application
21-->src\main\AndroidManifest.xml:5:5-24:19
22        android:name="com.chatapp.MainApplication"
22-->src\main\AndroidManifest.xml:6:7-38
23        android:allowBackup="false"
23-->src\main\AndroidManifest.xml:10:7-34
24        android:appComponentFactory="androidx.core.app.CoreComponentFactory"
24-->[androidx.core:core:1.7.0] AndroidManifest.xml:24:18-86
25        android:debuggable="true"
26        android:icon="@mipmap/ic_launcher"
26-->src\main\AndroidManifest.xml:8:7-41
27        android:label="@string/app_name"
27-->src\main\AndroidManifest.xml:7:7-39
28        android:roundIcon="@mipmap/ic_launcher_round"
28-->src\main\AndroidManifest.xml:9:7-52
29        android:theme="@style/AppTheme"
29-->src\main\AndroidManifest.xml:11:7-38
30        android:usesCleartextTraffic="true" >
30-->src\debug\AndroidManifest.xml:10:9-44
31        <activity
31-->src\debug\AndroidManifest.xml:13:9-111
32            android:name="com.facebook.react.devsupport.DevSettingsActivity"
32-->src\debug\AndroidManifest.xml:13:19-83
33            android:exported="false" />
33-->src\debug\AndroidManifest.xml:13:84-108
34        <activity
34-->src\main\AndroidManifest.xml:12:7-23:18
35            android:name="com.chatapp.MainActivity"
35-->src\main\AndroidManifest.xml:13:9-37
36            android:configChanges="keyboard|keyboardHidden|orientation|screenLayout|screenSize|smallestScreenSize|uiMode"
36-->src\main\AndroidManifest.xml:15:9-118
37            android:exported="true"
37-->src\main\AndroidManifest.xml:18:9-32
38            android:label="@string/app_name"
38-->src\main\AndroidManifest.xml:14:9-41
39            android:launchMode="singleTask"
39-->src\main\AndroidManifest.xml:16:9-40
40            android:windowSoftInputMode="adjustResize" >
40-->src\main\AndroidManifest.xml:17:9-51
41            <intent-filter>
41-->src\main\AndroidManifest.xml:19:9-22:25
42                <action android:name="android.intent.action.MAIN" />
42-->src\main\AndroidManifest.xml:20:13-65
42-->src\main\AndroidManifest.xml:20:21-62
43
44                <category android:name="android.intent.category.LAUNCHER" />
44-->src\main\AndroidManifest.xml:21:13-73
44-->src\main\AndroidManifest.xml:21:23-70
45            </intent-filter>
46        </activity>
47
48        <service
48-->[:react-native-firebase_messaging] AndroidManifest.xml:12:9-14:40
49            android:name="io.invertase.firebase.messaging.ReactNativeFirebaseMessagingHeadlessService"
49-->[:react-native-firebase_messaging] AndroidManifest.xml:13:13-103
50            android:exported="false" />
50-->[:react-native-firebase_messaging] AndroidManifest.xml:14:13-37
51        <service
51-->[:react-native-firebase_messaging] AndroidManifest.xml:15:9-21:19
52            android:name="io.invertase.firebase.messaging.ReactNativeFirebaseMessagingService"
52-->[:react-native-firebase_messaging] AndroidManifest.xml:16:13-95
53            android:exported="false" >
53-->[:react-native-firebase_messaging] AndroidManifest.xml:17:13-37
54            <intent-filter>
54-->[:react-native-firebase_messaging] AndroidManifest.xml:18:13-20:29
55                <action android:name="com.google.firebase.MESSAGING_EVENT" />
55-->[:react-native-firebase_messaging] AndroidManifest.xml:19:17-78
55-->[:react-native-firebase_messaging] AndroidManifest.xml:19:25-75
56            </intent-filter>
57        </service>
58
59        <receiver
59-->[:react-native-firebase_messaging] AndroidManifest.xml:23:9-30:20
60            android:name="io.invertase.firebase.messaging.ReactNativeFirebaseMessagingReceiver"
60-->[:react-native-firebase_messaging] AndroidManifest.xml:24:13-96
61            android:exported="true"
61-->[:react-native-firebase_messaging] AndroidManifest.xml:25:13-36
62            android:permission="com.google.android.c2dm.permission.SEND" >
62-->[:react-native-firebase_messaging] AndroidManifest.xml:26:13-73
63            <intent-filter>
63-->[:react-native-firebase_messaging] AndroidManifest.xml:27:13-29:29
64                <action android:name="com.google.android.c2dm.intent.RECEIVE" />
64-->[:react-native-firebase_messaging] AndroidManifest.xml:28:17-81
64-->[:react-native-firebase_messaging] AndroidManifest.xml:28:25-78
65            </intent-filter>
66        </receiver>
67
68        <meta-data
68-->[:react-native-firebase_messaging] AndroidManifest.xml:32:9-34:36
69            android:name="firebase_messaging_auto_init_enabled"
69-->[:react-native-firebase_messaging] AndroidManifest.xml:33:13-64
70            android:value="true" />
70-->[:react-native-firebase_messaging] AndroidManifest.xml:34:13-33
71        <meta-data
71-->[:react-native-firebase_messaging] AndroidManifest.xml:35:9-37:32
72            android:name="com.google.firebase.messaging.default_notification_channel_id"
72-->[:react-native-firebase_messaging] AndroidManifest.xml:36:13-89
73            android:value="" />
73-->[:react-native-firebase_messaging] AndroidManifest.xml:37:13-29
74        <meta-data
74-->[:react-native-firebase_messaging] AndroidManifest.xml:38:9-40:47
75            android:name="com.google.firebase.messaging.default_notification_color"
75-->[:react-native-firebase_messaging] AndroidManifest.xml:39:13-84
76            android:resource="@color/white" />
76-->[:react-native-firebase_messaging] AndroidManifest.xml:40:13-44
77        <meta-data
77-->[:react-native-firebase_app] AndroidManifest.xml:9:9-11:36
78            android:name="app_data_collection_default_enabled"
78-->[:react-native-firebase_app] AndroidManifest.xml:10:13-63
79            android:value="true" />
79-->[:react-native-firebase_app] AndroidManifest.xml:11:13-33
80
81        <service
81-->[:react-native-firebase_app] AndroidManifest.xml:13:9-21:19
82            android:name="com.google.firebase.components.ComponentDiscoveryService"
82-->[:react-native-firebase_app] AndroidManifest.xml:14:13-84
83            android:directBootAware="true"
83-->[:react-native-firebase_app] AndroidManifest.xml:15:13-43
84            android:exported="false" >
84-->[:react-native-firebase_app] AndroidManifest.xml:16:13-37
85            <meta-data
85-->[:react-native-firebase_app] AndroidManifest.xml:18:13-20:85
86                android:name="com.google.firebase.components:io.invertase.firebase.app.ReactNativeFirebaseAppRegistrar"
86-->[:react-native-firebase_app] AndroidManifest.xml:19:17-120
87                android:value="com.google.firebase.components.ComponentRegistrar" />
87-->[:react-native-firebase_app] AndroidManifest.xml:20:17-82
88            <meta-data
88-->[com.google.firebase:firebase-messaging:23.3.1] AndroidManifest.xml:57:13-59:85
89                android:name="com.google.firebase.components:com.google.firebase.messaging.FirebaseMessagingKtxRegistrar"
89-->[com.google.firebase:firebase-messaging:23.3.1] AndroidManifest.xml:58:17-122
90                android:value="com.google.firebase.components.ComponentRegistrar" />
90-->[com.google.firebase:firebase-messaging:23.3.1] AndroidManifest.xml:59:17-82
91            <meta-data
91-->[com.google.firebase:firebase-messaging:23.3.1] AndroidManifest.xml:60:13-62:85
92                android:name="com.google.firebase.components:com.google.firebase.messaging.FirebaseMessagingRegistrar"
92-->[com.google.firebase:firebase-messaging:23.3.1] AndroidManifest.xml:61:17-119
93                android:value="com.google.firebase.components.ComponentRegistrar" />
93-->[com.google.firebase:firebase-messaging:23.3.1] AndroidManifest.xml:62:17-82
94            <meta-data
94-->[com.google.firebase:firebase-installations:17.2.0] AndroidManifest.xml:15:13-17:85
95                android:name="com.google.firebase.components:com.google.firebase.installations.FirebaseInstallationsKtxRegistrar"
95-->[com.google.firebase:firebase-installations:17.2.0] AndroidManifest.xml:16:17-130
96                android:value="com.google.firebase.components.ComponentRegistrar" />
96-->[com.google.firebase:firebase-installations:17.2.0] AndroidManifest.xml:17:17-82
97            <meta-data
97-->[com.google.firebase:firebase-installations:17.2.0] AndroidManifest.xml:18:13-20:85
98                android:name="com.google.firebase.components:com.google.firebase.installations.FirebaseInstallationsRegistrar"
98-->[com.google.firebase:firebase-installations:17.2.0] AndroidManifest.xml:19:17-127
99                android:value="com.google.firebase.components.ComponentRegistrar" />
99-->[com.google.firebase:firebase-installations:17.2.0] AndroidManifest.xml:20:17-82
100            <meta-data
100-->[com.google.firebase:firebase-common-ktx:20.4.2] AndroidManifest.xml:12:13-14:85
101                android:name="com.google.firebase.components:com.google.firebase.ktx.FirebaseCommonLegacyRegistrar"
101-->[com.google.firebase:firebase-common-ktx:20.4.2] AndroidManifest.xml:13:17-116
102                android:value="com.google.firebase.components.ComponentRegistrar" />
102-->[com.google.firebase:firebase-common-ktx:20.4.2] AndroidManifest.xml:14:17-82
103            <meta-data
103-->[com.google.firebase:firebase-common:20.4.2] AndroidManifest.xml:35:13-37:85
104                android:name="com.google.firebase.components:com.google.firebase.FirebaseCommonKtxRegistrar"
104-->[com.google.firebase:firebase-common:20.4.2] AndroidManifest.xml:36:17-109
105                android:value="com.google.firebase.components.ComponentRegistrar" />
105-->[com.google.firebase:firebase-common:20.4.2] AndroidManifest.xml:37:17-82
106            <meta-data
106-->[com.google.firebase:firebase-datatransport:18.1.7] AndroidManifest.xml:27:13-29:85
107                android:name="com.google.firebase.components:com.google.firebase.datatransport.TransportRegistrar"
107-->[com.google.firebase:firebase-datatransport:18.1.7] AndroidManifest.xml:28:17-115
108                android:value="com.google.firebase.components.ComponentRegistrar" />
108-->[com.google.firebase:firebase-datatransport:18.1.7] AndroidManifest.xml:29:17-82
109        </service>
110
111        <provider
111-->[:react-native-firebase_app] AndroidManifest.xml:23:9-27:38
112            android:name="io.invertase.firebase.app.ReactNativeFirebaseAppInitProvider"
112-->[:react-native-firebase_app] AndroidManifest.xml:24:13-88
113            android:authorities="com.chatapp.reactnativefirebaseappinitprovider"
113-->[:react-native-firebase_app] AndroidManifest.xml:25:13-86
114            android:exported="false"
114-->[:react-native-firebase_app] AndroidManifest.xml:26:13-37
115            android:initOrder="99" />
115-->[:react-native-firebase_app] AndroidManifest.xml:27:13-35
116
117        <receiver
117-->[com.google.firebase:firebase-messaging:23.3.1] AndroidManifest.xml:29:9-40:20
118            android:name="com.google.firebase.iid.FirebaseInstanceIdReceiver"
118-->[com.google.firebase:firebase-messaging:23.3.1] AndroidManifest.xml:30:13-78
119            android:exported="true"
119-->[com.google.firebase:firebase-messaging:23.3.1] AndroidManifest.xml:31:13-36
120            android:permission="com.google.android.c2dm.permission.SEND" >
120-->[com.google.firebase:firebase-messaging:23.3.1] AndroidManifest.xml:32:13-73
121            <intent-filter>
121-->[:react-native-firebase_messaging] AndroidManifest.xml:27:13-29:29
122                <action android:name="com.google.android.c2dm.intent.RECEIVE" />
122-->[:react-native-firebase_messaging] AndroidManifest.xml:28:17-81
122-->[:react-native-firebase_messaging] AndroidManifest.xml:28:25-78
123            </intent-filter>
124
125            <meta-data
125-->[com.google.firebase:firebase-messaging:23.3.1] AndroidManifest.xml:37:13-39:40
126                android:name="com.google.android.gms.cloudmessaging.FINISHED_AFTER_HANDLED"
126-->[com.google.firebase:firebase-messaging:23.3.1] AndroidManifest.xml:38:17-92
127                android:value="true" />
127-->[com.google.firebase:firebase-messaging:23.3.1] AndroidManifest.xml:39:17-37
128        </receiver>
129        <!--
130             FirebaseMessagingService performs security checks at runtime,
131             but set to not exported to explicitly avoid allowing another app to call it.
132        -->
133        <service
133-->[com.google.firebase:firebase-messaging:23.3.1] AndroidManifest.xml:46:9-53:19
134            android:name="com.google.firebase.messaging.FirebaseMessagingService"
134-->[com.google.firebase:firebase-messaging:23.3.1] AndroidManifest.xml:47:13-82
135            android:directBootAware="true"
135-->[com.google.firebase:firebase-messaging:23.3.1] AndroidManifest.xml:48:13-43
136            android:exported="false" >
136-->[com.google.firebase:firebase-messaging:23.3.1] AndroidManifest.xml:49:13-37
137            <intent-filter android:priority="-500" >
137-->[:react-native-firebase_messaging] AndroidManifest.xml:18:13-20:29
138                <action android:name="com.google.firebase.MESSAGING_EVENT" />
138-->[:react-native-firebase_messaging] AndroidManifest.xml:19:17-78
138-->[:react-native-firebase_messaging] AndroidManifest.xml:19:25-75
139            </intent-filter>
140        </service>
141
142        <provider
142-->[com.google.firebase:firebase-common:20.4.2] AndroidManifest.xml:23:9-28:39
143            android:name="com.google.firebase.provider.FirebaseInitProvider"
143-->[com.google.firebase:firebase-common:20.4.2] AndroidManifest.xml:24:13-77
144            android:authorities="com.chatapp.firebaseinitprovider"
144-->[com.google.firebase:firebase-common:20.4.2] AndroidManifest.xml:25:13-72
145            android:directBootAware="true"
145-->[com.google.firebase:firebase-common:20.4.2] AndroidManifest.xml:26:13-43
146            android:exported="false"
146-->[com.google.firebase:firebase-common:20.4.2] AndroidManifest.xml:27:13-37
147            android:initOrder="100" />
147-->[com.google.firebase:firebase-common:20.4.2] AndroidManifest.xml:28:13-36
148
149        <activity
149-->[com.google.android.gms:play-services-auth:20.7.0] AndroidManifest.xml:23:9-27:75
150            android:name="com.google.android.gms.auth.api.signin.internal.SignInHubActivity"
150-->[com.google.android.gms:play-services-auth:20.7.0] AndroidManifest.xml:24:13-93
151            android:excludeFromRecents="true"
151-->[com.google.android.gms:play-services-auth:20.7.0] AndroidManifest.xml:25:13-46
152            android:exported="false"
152-->[com.google.android.gms:play-services-auth:20.7.0] AndroidManifest.xml:26:13-37
153            android:theme="@android:style/Theme.Translucent.NoTitleBar" />
153-->[com.google.android.gms:play-services-auth:20.7.0] AndroidManifest.xml:27:13-72
154        <!--
155            Service handling Google Sign-In user revocation. For apps that do not integrate with
156            Google Sign-In, this service will never be started.
157        -->
158        <service
158-->[com.google.android.gms:play-services-auth:20.7.0] AndroidManifest.xml:33:9-37:51
159            android:name="com.google.android.gms.auth.api.signin.RevocationBoundService"
159-->[com.google.android.gms:play-services-auth:20.7.0] AndroidManifest.xml:34:13-89
160            android:exported="true"
160-->[com.google.android.gms:play-services-auth:20.7.0] AndroidManifest.xml:35:13-36
161            android:permission="com.google.android.gms.auth.api.signin.permission.REVOCATION_NOTIFICATION"
161-->[com.google.android.gms:play-services-auth:20.7.0] AndroidManifest.xml:36:13-107
162            android:visibleToInstantApps="true" />
162-->[com.google.android.gms:play-services-auth:20.7.0] AndroidManifest.xml:37:13-48
163
164        <activity
164-->[com.google.android.gms:play-services-base:18.0.1] AndroidManifest.xml:20:9-22:45
165            android:name="com.google.android.gms.common.api.GoogleApiActivity"
165-->[com.google.android.gms:play-services-base:18.0.1] AndroidManifest.xml:20:19-85
166            android:exported="false"
166-->[com.google.android.gms:play-services-base:18.0.1] AndroidManifest.xml:22:19-43
167            android:theme="@android:style/Theme.Translucent.NoTitleBar" />
167-->[com.google.android.gms:play-services-base:18.0.1] AndroidManifest.xml:21:19-78
168
169        <meta-data
169-->[com.google.android.gms:play-services-basement:18.2.0] AndroidManifest.xml:21:9-23:69
170            android:name="com.google.android.gms.version"
170-->[com.google.android.gms:play-services-basement:18.2.0] AndroidManifest.xml:22:13-58
171            android:value="@integer/google_play_services_version" />
171-->[com.google.android.gms:play-services-basement:18.2.0] AndroidManifest.xml:23:13-66
172
173        <provider
173-->[androidx.emoji2:emoji2:1.0.0] AndroidManifest.xml:26:9-34:20
174            android:name="androidx.startup.InitializationProvider"
174-->[androidx.emoji2:emoji2:1.0.0] AndroidManifest.xml:27:13-67
175            android:authorities="com.chatapp.androidx-startup"
175-->[androidx.emoji2:emoji2:1.0.0] AndroidManifest.xml:28:13-68
176            android:exported="false" >
176-->[androidx.emoji2:emoji2:1.0.0] AndroidManifest.xml:29:13-37
177            <meta-data
177-->[androidx.emoji2:emoji2:1.0.0] AndroidManifest.xml:31:13-33:52
178                android:name="androidx.emoji2.text.EmojiCompatInitializer"
178-->[androidx.emoji2:emoji2:1.0.0] AndroidManifest.xml:32:17-75
179                android:value="androidx.startup" />
179-->[androidx.emoji2:emoji2:1.0.0] AndroidManifest.xml:33:17-49
180            <meta-data
180-->[androidx.lifecycle:lifecycle-process:2.4.0] AndroidManifest.xml:31:13-33:52
181                android:name="androidx.lifecycle.ProcessLifecycleInitializer"
181-->[androidx.lifecycle:lifecycle-process:2.4.0] AndroidManifest.xml:32:17-78
182                android:value="androidx.startup" />
182-->[androidx.lifecycle:lifecycle-process:2.4.0] AndroidManifest.xml:33:17-49
183        </provider>
184
185        <service
185-->[com.google.android.datatransport:transport-backend-cct:3.1.8] AndroidManifest.xml:28:9-34:19
186            android:name="com.google.android.datatransport.runtime.backends.TransportBackendDiscovery"
186-->[com.google.android.datatransport:transport-backend-cct:3.1.8] AndroidManifest.xml:29:13-103
187            android:exported="false" >
187-->[com.google.android.datatransport:transport-backend-cct:3.1.8] AndroidManifest.xml:30:13-37
188            <meta-data
188-->[com.google.android.datatransport:transport-backend-cct:3.1.8] AndroidManifest.xml:31:13-33:39
189                android:name="backend:com.google.android.datatransport.cct.CctBackendFactory"
189-->[com.google.android.datatransport:transport-backend-cct:3.1.8] AndroidManifest.xml:32:17-94
190                android:value="cct" />
190-->[com.google.android.datatransport:transport-backend-cct:3.1.8] AndroidManifest.xml:33:17-36
191        </service>
192        <service
192-->[com.google.android.datatransport:transport-runtime:3.1.8] AndroidManifest.xml:26:9-30:19
193            android:name="com.google.android.datatransport.runtime.scheduling.jobscheduling.JobInfoSchedulerService"
193-->[com.google.android.datatransport:transport-runtime:3.1.8] AndroidManifest.xml:27:13-117
194            android:exported="false"
194-->[com.google.android.datatransport:transport-runtime:3.1.8] AndroidManifest.xml:28:13-37
195            android:permission="android.permission.BIND_JOB_SERVICE" >
195-->[com.google.android.datatransport:transport-runtime:3.1.8] AndroidManifest.xml:29:13-69
196        </service>
197
198        <receiver
198-->[com.google.android.datatransport:transport-runtime:3.1.8] AndroidManifest.xml:32:9-34:40
199            android:name="com.google.android.datatransport.runtime.scheduling.jobscheduling.AlarmManagerSchedulerBroadcastReceiver"
199-->[com.google.android.datatransport:transport-runtime:3.1.8] AndroidManifest.xml:33:13-132
200            android:exported="false" />
200-->[com.google.android.datatransport:transport-runtime:3.1.8] AndroidManifest.xml:34:13-37
201
202        <meta-data
202-->[com.facebook.soloader:soloader:0.10.5] AndroidManifest.xml:12:9-14:37
203            android:name="com.facebook.soloader.enabled"
203-->[com.facebook.soloader:soloader:0.10.5] AndroidManifest.xml:13:13-57
204            android:value="false" />
204-->[com.facebook.soloader:soloader:0.10.5] AndroidManifest.xml:14:13-34
205    </application>
206
207</manifest>